#
# A fatal error has been detected by the Java Runtime Environment:
#
#  SIGBUS (0xa) at pc=0x00000001052cffe6, pid=63281, tid=20231
#
# JRE version: Java(TM) SE Runtime Environment (8.0_05-b13) (build 1.8.0_05-b13)
# Java VM: Java HotSpot(TM) 64-Bit Server VM (25.5-b02 mixed mode bsd-amd64 compressed oops)
# Problematic frame:
# C  [libzip.dylib+0x2fe6]  newEntry+0x154
#
# Failed to write core dump. Core dumps have been disabled. To enable core dumping, try "ulimit -c unlimited" before starting Java again
#
# If you would like to submit a bug report, please visit:
#   http://bugreport.sun.com/bugreport/crash.jsp
# The crash happened outside the Java Virtual Machine in native code.
# See problematic frame for where to report the bug.
#

---------------  T H R E A D  ---------------

Current thread (0x00007fb063135000):  JavaThread "qtp975116117-12" [_thread_in_native, id=20231, stack(0x000070000114d000,0x000070000124d000)]

siginfo:si_signo=SIGBUS: si_errno=0, si_code=2 (BUS_ADRERR), si_addr=0x000000012270562a

Registers:
RAX=0x00007fb061f313a0, RBX=0x000000012270561e, RCX=0x0000000000000200, RDX=0x0000000000000000
RSP=0x000070000124aa00, RBP=0x000070000124aa60, RSI=0x00007fb061d00000, RDI=0x0000000104fef800
R8 =0x0000000000000004, R9 =0x00000000fffffffc, R10=0x0000000106c5e598, R11=0x00006ff89655a49e
R12=0x0000000000000170, R13=0x00007fb06306f400, R14=0x00007fb061f313a0, R15=0x00007fb061d17e80
RIP=0x00000001052cffe6, EFLAGS=0x0000000000010206, ERR=0x0000000000000004
  TRAPNO=0x000000000000000e

Top of Stack: (sp=0x000070000124aa00)
0x000070000124aa00:   000070000124aa50 00000000052d0618
0x000070000124aa10:   0000000000000011 0000000063135000
0x000070000124aa20:   000070000124aa40 00007fb061f313a0
0x000070000124aa30:   00007fb061d245d0 000000005ec97ead
0x000070000124aa40:   0000000000000170 00007fb06306f400
0x000070000124aa50:   00007fb061f313a0 00007fb061d17e80
0x000070000124aa60:   000070000124aab0 00000001052d0654
0x000070000124aa70:   0000000000000011 0000001163135000
0x000070000124aa80:   000070000124aace 000070000124af18
0x000070000124aa90:   0000000000000011 000070000124aace
0x000070000124aaa0:   00007fb061f313a0 00007fb0631351e0
0x000070000124aab0:   000070000124af00 00000001052cf49f
0x000070000124aac0:   00007fb061f67c58 7570700000000001
0x000070000124aad0:   646e692f63696c62 006c6d74682e7865
0x000070000124aae0:   000070000124b1c0 000000010609bb46
0x000070000124aaf0:   00007fb063135000 00000017c00a1530
0x000070000124ab00:   000070000124b8c0 00007000000000b9
0x000070000124ab10:   000000011fb266f8 00007fb063135000
0x000070000124ab20:   000070000124c350 0000000106d1c44c
0x000070000124ab30:   0000000106d1bfd0 0000700000000000
0x000070000124ab40:   000070000124c430 000070000124c350
0x000070000124ab50:   000070000124c0b0 0000000106b05fda
0x000070000124ab60:   0000000106b05f10 0000000000000000
0x000070000124ab70:   0000000000000000 000070000124c0b0
0x000070000124ab80:   000070000124c328 000070000124c32c
0x000070000124ab90:   000070000124c320 000070000124c324
0x000070000124aba0:   000070000124c318 000070000124c31c
0x000070000124abb0:   000070000124c310 000070000124c314
0x000070000124abc0:   000070000124b7f0 00007fff66ae2820
0x000070000124abd0:   000070000124c340 000070000124c340
0x000070000124abe0:   000070000124c2f8 000070000124c2fc
0x000070000124abf0:   000070000124c2f0 000070001faafdc0 

Instructions: (pc=0x00000001052cffe6)
0x00000001052cffc6:   49 8b 7f 38 e8 95 1a 00 00 4d 89 77 38 49 89 5f
0x00000001052cffd6:   40 4c 89 f0 48 85 c0 0f 84 16 05 00 00 48 89 c3
0x00000001052cffe6:   0f b6 43 0c 0f b6 4b 0d 48 c1 e1 08 48 01 c1 0f
0x00000001052cfff6:   b6 43 0e 0f b6 53 0f 48 c1 e2 08 48 01 c2 48 c1 

Register to memory mapping:

RAX=0x00007fb061f313a0 is an unknown value
RBX=0x000000012270561e is an unknown value
RCX=0x0000000000000200 is an unknown value
RDX=0x0000000000000000 is an unknown value
RSP=0x000070000124aa00 is pointing into the stack for thread: 0x00007fb063135000
RBP=0x000070000124aa60 is pointing into the stack for thread: 0x00007fb063135000
RSI=0x00007fb061d00000 is an unknown value
RDI=0x0000000104fef800 is an unknown value
R8 =0x0000000000000004 is an unknown value
R9 =0x00000000fffffffc is an unknown value
R10=0x0000000106c5e598 is at entry_point+88 in (nmethod*)0x0000000106c5e3d0
R11=0x00006ff89655a49e is an unknown value
R12=0x0000000000000170 is an unknown value
R13=0x00007fb06306f400 is an unknown value
R14=0x00007fb061f313a0 is an unknown value
R15=0x00007fb061d17e80 is an unknown value


Stack: [0x000070000114d000,0x000070000124d000],  sp=0x000070000124aa00,  free space=1014k
Native frames: (J=compiled Java code, j=interpreted, Vv=VM code, C=native code)
C  [libzip.dylib+0x2fe6]  newEntry+0x154
C  [libzip.dylib+0x3654]  ZIP_GetEntry+0xa2
C  [libzip.dylib+0x249f]  Java_java_util_zip_ZipFile_getEntry+0xdd
J 314  java.util.zip.ZipFile.getEntry(J[BZ)J (0 bytes) @ 0x0000000106c5e60e [0x0000000106c5e540+0xce]
J 300 C1 java.util.zip.ZipFile.getEntry(Ljava/lang/String;)Ljava/util/zip/ZipEntry; (86 bytes) @ 0x0000000106c5824c [0x0000000106c57fe0+0x26c]
J 299 C1 java.util.jar.JarFile.getEntry(Ljava/lang/String;)Ljava/util/zip/ZipEntry; (22 bytes) @ 0x0000000106c579e4 [0x0000000106c57960+0x84]
J 528 C2 sun.misc.URLClassPath$JarLoader.getResource(Ljava/lang/String;Z)Lsun/misc/Resource; (85 bytes) @ 0x0000000106ce8490 [0x0000000106ce8340+0x150]
J 540 C1 sun.misc.URLClassPath$JarLoader.findResource(Ljava/lang/String;Z)Ljava/net/URL; (18 bytes) @ 0x0000000106ce4dc4 [0x0000000106ce4d40+0x84]
j  sun.misc.URLClassPath.findResource(Ljava/lang/String;Z)Ljava/net/URL;+17
j  java.net.URLClassLoader$2.run()Ljava/net/URL;+12
j  java.net.URLClassLoader$2.run()Ljava/lang/Object;+1
v  ~StubRoutines::call_stub
V  [libjvm.dylib+0x2c5186]
V  [libjvm.dylib+0x31a912]
j  java.security.AccessController.doPrivileged(Ljava/security/PrivilegedAction;Ljava/security/AccessControlContext;)Ljava/lang/Object;+0
j  java.net.URLClassLoader.findResource(Ljava/lang/String;)Ljava/net/URL;+13
j  java.lang.ClassLoader.getResource(Ljava/lang/String;)Ljava/net/URL;+30
j  java.net.URLClassLoader.getResourceAsStream(Ljava/lang/String;)Ljava/io/InputStream;+2
j  java.lang.Class.getResourceAsStream(Ljava/lang/String;)Ljava/io/InputStream;+22
j  spark.resource.JarResourceHandler.loadStream(Ljava/lang/String;)Ljava/io/InputStream;+3
j  spark.resource.JarResourceHandler.getResourceStream(Ljava/lang/String;)Ljava/io/InputStream;+64
j  spark.resource.JarResourceHandler.getResource(Ljavax/servlet/http/HttpServletRequest;)Ljava/io/InputStream;+96
j  spark.staticfiles.StaticFilesConfiguration.consumeWithJarResourceHandler(Ljavax/servlet/http/HttpServletRequest;Ljavax/servlet/http/HttpServletResponse;)Z+40
j  spark.staticfiles.StaticFilesConfiguration.consume(Ljavax/servlet/http/HttpServletRequest;Ljavax/servlet/http/HttpServletResponse;)Z+14
j  spark.http.matching.MatcherFilter.doFilter(Ljavax/servlet/ServletRequest;Ljavax/servlet/ServletResponse;Ljavax/servlet/FilterChain;)V+20
j  spark.embeddedserver.jetty.JettyHandler.doHandle(Ljava/lang/String;Lorg/eclipse/jetty/server/Request;Ljavax/servlet/http/HttpServletRequest;Ljavax/servlet/http/HttpServletResponse;)V+19
j  org.eclipse.jetty.server.session.SessionHandler.doScope(Ljava/lang/String;Lorg/eclipse/jetty/server/Request;Ljavax/servlet/http/HttpServletRequest;Ljavax/servlet/http/HttpServletResponse;)V+291
j  org.eclipse.jetty.server.handler.ScopedHandler.handle(Ljava/lang/String;Lorg/eclipse/jetty/server/Request;Ljavax/servlet/http/HttpServletRequest;Ljavax/servlet/http/HttpServletResponse;)V+20
j  org.eclipse.jetty.server.handler.HandlerWrapper.handle(Ljava/lang/String;Lorg/eclipse/jetty/server/Request;Ljavax/servlet/http/HttpServletRequest;Ljavax/servlet/http/HttpServletResponse;)V+18
j  org.eclipse.jetty.server.Server.handle(Lorg/eclipse/jetty/server/HttpChannel;)V+179
j  org.eclipse.jetty.server.HttpChannel.handle()Z+290
j  org.eclipse.jetty.server.HttpConnection.onFillable()V+115
j  org.eclipse.jetty.io.AbstractConnection$ReadCallback.succeeded()V+4
j  org.eclipse.jetty.io.FillInterest.fillable()V+61
j  org.eclipse.jetty.io.SelectChannelEndPoint$2.run()V+7
j  org.eclipse.jetty.util.thread.strategy.ExecuteProduceConsume.produceAndRun()V+397
j  org.eclipse.jetty.util.thread.strategy.ExecuteProduceConsume.run()V+197
j  org.eclipse.jetty.util.thread.QueuedThreadPool.runJob(Ljava/lang/Runnable;)V+1
j  org.eclipse.jetty.util.thread.QueuedThreadPool$3.run()V+104
j  java.lang.Thread.run()V+11
v  ~StubRoutines::call_stub
V  [libjvm.dylib+0x2c5186]
V  [libjvm.dylib+0x2c5914]
V  [libjvm.dylib+0x2c5ac0]
V  [libjvm.dylib+0x3152a7]
V  [libjvm.dylib+0x51ccf5]
V  [libjvm.dylib+0x51e432]
V  [libjvm.dylib+0x445426]
C  [libsystem_pthread.dylib+0x399d]  _pthread_body+0x83
C  [libsystem_pthread.dylib+0x391a]  _pthread_body+0x0
C  [libsystem_pthread.dylib+0x1351]  thread_start+0xd

Java frames: (J=compiled Java code, j=interpreted, Vv=VM code)
J 314  java.util.zip.ZipFile.getEntry(J[BZ)J (0 bytes) @ 0x0000000106c5e598 [0x0000000106c5e540+0x58]
J 300 C1 java.util.zip.ZipFile.getEntry(Ljava/lang/String;)Ljava/util/zip/ZipEntry; (86 bytes) @ 0x0000000106c5824c [0x0000000106c57fe0+0x26c]
J 299 C1 java.util.jar.JarFile.getEntry(Ljava/lang/String;)Ljava/util/zip/ZipEntry; (22 bytes) @ 0x0000000106c579e4 [0x0000000106c57960+0x84]
J 528 C2 sun.misc.URLClassPath$JarLoader.getResource(Ljava/lang/String;Z)Lsun/misc/Resource; (85 bytes) @ 0x0000000106ce8490 [0x0000000106ce8340+0x150]
J 540 C1 sun.misc.URLClassPath$JarLoader.findResource(Ljava/lang/String;Z)Ljava/net/URL; (18 bytes) @ 0x0000000106ce4dc4 [0x0000000106ce4d40+0x84]
j  sun.misc.URLClassPath.findResource(Ljava/lang/String;Z)Ljava/net/URL;+17
j  java.net.URLClassLoader$2.run()Ljava/net/URL;+12
j  java.net.URLClassLoader$2.run()Ljava/lang/Object;+1
v  ~StubRoutines::call_stub
j  java.security.AccessController.doPrivileged(Ljava/security/PrivilegedAction;Ljava/security/AccessControlContext;)Ljava/lang/Object;+0
j  java.net.URLClassLoader.findResource(Ljava/lang/String;)Ljava/net/URL;+13
j  java.lang.ClassLoader.getResource(Ljava/lang/String;)Ljava/net/URL;+30
j  java.net.URLClassLoader.getResourceAsStream(Ljava/lang/String;)Ljava/io/InputStream;+2
j  java.lang.Class.getResourceAsStream(Ljava/lang/String;)Ljava/io/InputStream;+22
j  spark.resource.JarResourceHandler.loadStream(Ljava/lang/String;)Ljava/io/InputStream;+3
j  spark.resource.JarResourceHandler.getResourceStream(Ljava/lang/String;)Ljava/io/InputStream;+64
j  spark.resource.JarResourceHandler.getResource(Ljavax/servlet/http/HttpServletRequest;)Ljava/io/InputStream;+96
j  spark.staticfiles.StaticFilesConfiguration.consumeWithJarResourceHandler(Ljavax/servlet/http/HttpServletRequest;Ljavax/servlet/http/HttpServletResponse;)Z+40
j  spark.staticfiles.StaticFilesConfiguration.consume(Ljavax/servlet/http/HttpServletRequest;Ljavax/servlet/http/HttpServletResponse;)Z+14
j  spark.http.matching.MatcherFilter.doFilter(Ljavax/servlet/ServletRequest;Ljavax/servlet/ServletResponse;Ljavax/servlet/FilterChain;)V+20
j  spark.embeddedserver.jetty.JettyHandler.doHandle(Ljava/lang/String;Lorg/eclipse/jetty/server/Request;Ljavax/servlet/http/HttpServletRequest;Ljavax/servlet/http/HttpServletResponse;)V+19
j  org.eclipse.jetty.server.session.SessionHandler.doScope(Ljava/lang/String;Lorg/eclipse/jetty/server/Request;Ljavax/servlet/http/HttpServletRequest;Ljavax/servlet/http/HttpServletResponse;)V+291
j  org.eclipse.jetty.server.handler.ScopedHandler.handle(Ljava/lang/String;Lorg/eclipse/jetty/server/Request;Ljavax/servlet/http/HttpServletRequest;Ljavax/servlet/http/HttpServletResponse;)V+20
j  org.eclipse.jetty.server.handler.HandlerWrapper.handle(Ljava/lang/String;Lorg/eclipse/jetty/server/Request;Ljavax/servlet/http/HttpServletRequest;Ljavax/servlet/http/HttpServletResponse;)V+18
j  org.eclipse.jetty.server.Server.handle(Lorg/eclipse/jetty/server/HttpChannel;)V+179
j  org.eclipse.jetty.server.HttpChannel.handle()Z+290
j  org.eclipse.jetty.server.HttpConnection.onFillable()V+115
j  org.eclipse.jetty.io.AbstractConnection$ReadCallback.succeeded()V+4
j  org.eclipse.jetty.io.FillInterest.fillable()V+61
j  org.eclipse.jetty.io.SelectChannelEndPoint$2.run()V+7
j  org.eclipse.jetty.util.thread.strategy.ExecuteProduceConsume.produceAndRun()V+397
j  org.eclipse.jetty.util.thread.strategy.ExecuteProduceConsume.run()V+197
j  org.eclipse.jetty.util.thread.QueuedThreadPool.runJob(Ljava/lang/Runnable;)V+1
j  org.eclipse.jetty.util.thread.QueuedThreadPool$3.run()V+104
j  java.lang.Thread.run()V+11
v  ~StubRoutines::call_stub

---------------  P R O C E S S  ---------------

Java Threads: ( => current thread )
  0x00007fb063886000 JavaThread "Scheduler-998195372" [_thread_blocked, id=26375, stack(0x0000700001b6b000,0x0000700001c6b000)]
  0x00007fb062829000 JavaThread "qtp975116117-23" [_thread_in_native, id=26883, stack(0x0000700001c6e000,0x0000700001d6e000)]
  0x00007fb063134000 JavaThread "qtp975116117-21" [_thread_blocked, id=25863, stack(0x0000700001a68000,0x0000700001b68000)]
  0x00007fb063148800 JavaThread "org.eclipse.jetty.server.session.HashSessionManager@4cd95766Timer" daemon [_thread_blocked, id=24323, stack(0x0000700001965000,0x0000700001a65000)]
  0x00007fb063132800 JavaThread "qtp975116117-19" [_thread_blocked, id=23811, stack(0x0000700001862000,0x0000700001962000)]
  0x00007fb06387e000 JavaThread "qtp975116117-18" [_thread_blocked, id=23299, stack(0x000070000175f000,0x000070000185f000)]
  0x00007fb062847000 JavaThread "qtp975116117-17" [_thread_in_native, id=22787, stack(0x000070000165c000,0x000070000175c000)]
  0x00007fb062840800 JavaThread "qtp975116117-14-acceptor-0@60c32aac-ServerConnector@2df4e845{HTTP/1.1,[http/1.1]}{localhost:8080}" [_thread_in_native, id=21251, stack(0x0000700001353000,0x0000700001453000)]
  0x00007fb063132000 JavaThread "qtp975116117-13" [_thread_blocked, id=20739, stack(0x0000700001250000,0x0000700001350000)]
=>0x00007fb063135000 JavaThread "qtp975116117-12" [_thread_in_native, id=20231, stack(0x000070000114d000,0x000070000124d000)]
  0x00007fb06311c800 JavaThread "DestroyJavaVM" [_thread_blocked, id=3079, stack(0x000070000011a000,0x000070000021a000)]
  0x00007fb0621f7800 JavaThread "Thread-0" [_thread_blocked, id=19715, stack(0x000070000104a000,0x000070000114a000)]
  0x00007fb062097000 JavaThread "Service Thread" daemon [_thread_blocked, id=18691, stack(0x0000700000e44000,0x0000700000f44000)]
  0x00007fb06303a000 JavaThread "C1 CompilerThread2" daemon [_thread_blocked, id=18179, stack(0x0000700000d41000,0x0000700000e41000)]
  0x00007fb063039000 JavaThread "C2 CompilerThread1" daemon [_thread_blocked, id=17667, stack(0x0000700000c3e000,0x0000700000d3e000)]
  0x00007fb063025000 JavaThread "C2 CompilerThread0" daemon [_thread_blocked, id=17155, stack(0x0000700000b3b000,0x0000700000c3b000)]
  0x00007fb06208b800 JavaThread "Signal Dispatcher" daemon [_thread_blocked, id=12815, stack(0x0000700000a38000,0x0000700000b38000)]
  0x00007fb06205a000 JavaThread "Finalizer" daemon [_thread_blocked, id=12291, stack(0x000070000082f000,0x000070000092f000)]
  0x00007fb063017800 JavaThread "Reference Handler" daemon [_thread_blocked, id=11779, stack(0x000070000072c000,0x000070000082c000)]

Other Threads:
  0x00007fb063014800 VMThread [stack: 0x0000700000629000,0x0000700000729000] [id=11267]
  0x00007fb062805800 WatcherThread [stack: 0x0000700000f47000,0x0000700001047000] [id=19203]

VM state:not at safepoint (normal execution)

VM Mutex/Monitor currently owned by a thread: None

Heap:
 PSYoungGen      total 5632K, used 3528K [0x000000076ab00000, 0x000000076b700000, 0x00000007c0000000)
  eden space 4096K, 48% used [0x000000076ab00000,0x000000076acf5160,0x000000076af00000)
  from space 1536K, 99% used [0x000000076af00000,0x000000076b07d148,0x000000076b080000)
  to   space 2048K, 0% used [0x000000076b500000,0x000000076b500000,0x000000076b700000)
 ParOldGen       total 260608K, used 1658K [0x00000006c0000000, 0x00000006cfe80000, 0x000000076ab00000)
  object space 260608K, 0% used [0x00000006c0000000,0x00000006c019ebe0,0x00000006cfe80000)
 Metaspace       used 8614K, capacity 8812K, committed 9088K, reserved 1056768K
  class space    used 1035K, capacity 1084K, committed 1152K, reserved 1048576K

Card table byte_map: [0x0000000115e80000,0x0000000116681000] byte_map_base: 0x0000000112880000

Marking Bits: (ParMarkBitMap*) 0x00000001064660a0
 Begin Bits: [0x0000000116bd7000, 0x000000011abd7000)
 End Bits:   [0x000000011abd7000, 0x000000011ebd7000)

Polling page: 0x00000001052c3000

CodeCache: size=245760Kb used=2430Kb max_used=2430Kb free=243330Kb
 bounds [0x0000000106ac0000, 0x0000000106d30000, 0x0000000115ac0000]
 total_blobs=957 nmethods=635 adapters=238
 compilation: enabled

Compilation events (10 events):
Event: 350.456 Thread 0x00007fb06303a000 nmethod 631 0x0000000106d1b110 code [0x0000000106d1b300, 0x0000000106d1bca8]
Event: 350.456 Thread 0x00007fb06303a000  632   !   3       sun.nio.ch.SelectorImpl::processDeregisterQueue (101 bytes)
Event: 350.457 Thread 0x00007fb06303a000 nmethod 632 0x0000000106d1bfd0 code [0x0000000106d1c1e0, 0x0000000106d1cd98]
Event: 350.457 Thread 0x00007fb06303a000  633       3       java.util.HashSet::isEmpty (8 bytes)
Event: 350.457 Thread 0x00007fb06303a000 nmethod 633 0x0000000106d1d2d0 code [0x0000000106d1d440, 0x0000000106d1d650]
Event: 350.457 Thread 0x00007fb06303a000  629       3       java.util.concurrent.CopyOnWriteArrayList$COWIterator::hasNext (18 bytes)
Event: 350.457 Thread 0x00007fb06303a000 nmethod 629 0x0000000106d1d710 code [0x0000000106d1d860, 0x0000000106d1da10]
Event: 350.781 Thread 0x00007fb06303a000  634       3       java.nio.channels.spi.AbstractSelector::end (5 bytes)
Event: 350.781 Thread 0x00007fb06303a000 nmethod 634 0x0000000106d1dad0 code [0x0000000106d1dc60, 0x0000000106d1e150]
Event: 350.782 Thread 0x00007fb06303a000  635   !   3       sun.nio.ch.KQueueSelectorImpl::updateSelectedKeys (265 bytes)

GC Heap History (10 events):
Event: 0.138 GC heap before
{Heap before GC invocations=3 (full 0):
 PSYoungGen      total 1536K, used 1504K [0x000000076ab00000, 0x000000076ad00000, 0x00000007c0000000)
  eden space 1024K, 100% used [0x000000076ab00000,0x000000076ac00000,0x000000076ac00000)
  from space 512K, 93% used [0x000000076ac80000,0x000000076acf8020,0x000000076ad00000)
  to   space 512K, 0% used [0x000000076ac00000,0x000000076ac00000,0x000000076ac80000)
 ParOldGen       total 260608K, used 97K [0x00000006c0000000, 0x00000006cfe80000, 0x000000076ab00000)
  object space 260608K, 0% used [0x00000006c0000000,0x00000006c0018720,0x00000006cfe80000)
 Metaspace       used 3736K, capacity 4818K, committed 5120K, reserved 1056768K
  class space    used 410K, capacity 437K, committed 512K, reserved 1048576K
Event: 0.139 GC heap after
Heap after GC invocations=3 (full 0):
 PSYoungGen      total 1536K, used 512K [0x000000076ab00000, 0x000000076ae00000, 0x00000007c0000000)
  eden space 1024K, 0% used [0x000000076ab00000,0x000000076ab00000,0x000000076ac00000)
  from space 512K, 100% used [0x000000076ac00000,0x000000076ac80000,0x000000076ac80000)
  to   space 512K, 0% used [0x000000076ad80000,0x000000076ad80000,0x000000076ae00000)
 ParOldGen       total 260608K, used 378K [0x00000006c0000000, 0x00000006cfe80000, 0x000000076ab00000)
  object space 260608K, 0% used [0x00000006c0000000,0x00000006c005ea30,0x00000006cfe80000)
 Metaspace       used 3736K, capacity 4818K, committed 5120K, reserved 1056768K
  class space    used 410K, capacity 437K, committed 512K, reserved 1048576K
}
Event: 0.170 GC heap before
{Heap before GC invocations=4 (full 0):
 PSYoungGen      total 1536K, used 1536K [0x000000076ab00000, 0x000000076ae00000, 0x00000007c0000000)
  eden space 1024K, 100% used [0x000000076ab00000,0x000000076ac00000,0x000000076ac00000)
  from space 512K, 100% used [0x000000076ac00000,0x000000076ac80000,0x000000076ac80000)
  to   space 512K, 0% used [0x000000076ad80000,0x000000076ad80000,0x000000076ae00000)
 ParOldGen       total 260608K, used 378K [0x00000006c0000000, 0x00000006cfe80000, 0x000000076ab00000)
  object space 260608K, 0% used [0x00000006c0000000,0x00000006c005ea30,0x00000006cfe80000)
 Metaspace       used 4249K, capacity 5062K, committed 5248K, reserved 1056768K
  class space    used 493K, capacity 529K, committed 640K, reserved 1048576K
Event: 0.171 GC heap after
Heap after GC invocations=4 (full 0):
 PSYoungGen      total 2560K, used 496K [0x000000076ab00000, 0x000000076ae00000, 0x00000007c0000000)
  eden space 2048K, 0% used [0x000000076ab00000,0x000000076ab00000,0x000000076ad00000)
  from space 512K, 96% used [0x000000076ad80000,0x000000076adfc010,0x000000076ae00000)
  to   space 512K, 0% used [0x000000076ad00000,0x000000076ad00000,0x000000076ad80000)
 ParOldGen       total 260608K, used 588K [0x00000006c0000000, 0x00000006cfe80000, 0x000000076ab00000)
  object space 260608K, 0% used [0x00000006c0000000,0x00000006c0093218,0x00000006cfe80000)
 Metaspace       used 4249K, capacity 5062K, committed 5248K, reserved 1056768K
  class space    used 493K, capacity 529K, committed 640K, reserved 1048576K
}
Event: 0.243 GC heap before
{Heap before GC invocations=5 (full 0):
 PSYoungGen      total 2560K, used 2544K [0x000000076ab00000, 0x000000076ae00000, 0x00000007c0000000)
  eden space 2048K, 100% used [0x000000076ab00000,0x000000076ad00000,0x000000076ad00000)
  from space 512K, 96% used [0x000000076ad80000,0x000000076adfc010,0x000000076ae00000)
  to   space 512K, 0% used [0x000000076ad00000,0x000000076ad00000,0x000000076ad80000)
 ParOldGen       total 260608K, used 588K [0x00000006c0000000, 0x00000006cfe80000, 0x000000076ab00000)
  object space 260608K, 0% used [0x00000006c0000000,0x00000006c0093218,0x00000006cfe80000)
 Metaspace       used 5296K, capacity 5612K, committed 5888K, reserved 1056768K
  class space    used 612K, capacity 664K, committed 768K, reserved 1048576K
Event: 0.247 GC heap after
Heap after GC invocations=5 (full 0):
 PSYoungGen      total 2560K, used 480K [0x000000076ab00000, 0x000000076b200000, 0x00000007c0000000)
  eden space 2048K, 0% used [0x000000076ab00000,0x000000076ab00000,0x000000076ad00000)
  from space 512K, 93% used [0x000000076ad00000,0x000000076ad78020,0x000000076ad80000)
  to   space 1536K, 0% used [0x000000076b080000,0x000000076b080000,0x000000076b200000)
 ParOldGen       total 260608K, used 1150K [0x00000006c0000000, 0x00000006cfe80000, 0x000000076ab00000)
  object space 260608K, 0% used [0x00000006c0000000,0x00000006c011f9f0,0x00000006cfe80000)
 Metaspace       used 5296K, capacity 5612K, committed 5888K, reserved 1056768K
  class space    used 612K, capacity 664K, committed 768K, reserved 1048576K
}
Event: 0.305 GC heap before
{Heap before GC invocations=6 (full 0):
 PSYoungGen      total 2560K, used 2522K [0x000000076ab00000, 0x000000076b200000, 0x00000007c0000000)
  eden space 2048K, 99% used [0x000000076ab00000,0x000000076acfe9e0,0x000000076ad00000)
  from space 512K, 93% used [0x000000076ad00000,0x000000076ad78020,0x000000076ad80000)
  to   space 1536K, 0% used [0x000000076b080000,0x000000076b080000,0x000000076b200000)
 ParOldGen       total 260608K, used 1150K [0x00000006c0000000, 0x00000006cfe80000, 0x000000076ab00000)
  object space 260608K, 0% used [0x00000006c0000000,0x00000006c011f9f0,0x00000006cfe80000)
 Metaspace       used 6039K, capacity 6220K, committed 6400K, reserved 1056768K
  class space    used 705K, capacity 760K, committed 768K, reserved 1048576K
Event: 0.306 GC heap after
Heap after GC invocations=6 (full 0):
 PSYoungGen      total 5632K, used 1210K [0x000000076ab00000, 0x000000076b200000, 0x00000007c0000000)
  eden space 4096K, 0% used [0x000000076ab00000,0x000000076ab00000,0x000000076af00000)
  from space 1536K, 78% used [0x000000076b080000,0x000000076b1ae990,0x000000076b200000)
  to   space 1536K, 0% used [0x000000076af00000,0x000000076af00000,0x000000076b080000)
 ParOldGen       total 260608K, used 1158K [0x00000006c0000000, 0x00000006cfe80000, 0x000000076ab00000)
  object space 260608K, 0% used [0x00000006c0000000,0x00000006c01219f0,0x00000006cfe80000)
 Metaspace       used 6039K, capacity 6220K, committed 6400K, reserved 1056768K
  class space    used 705K, capacity 760K, committed 768K, reserved 1048576K
}
Event: 5.456 GC heap before
{Heap before GC invocations=7 (full 0):
 PSYoungGen      total 5632K, used 5306K [0x000000076ab00000, 0x000000076b200000, 0x00000007c0000000)
  eden space 4096K, 100% used [0x000000076ab00000,0x000000076af00000,0x000000076af00000)
  from space 1536K, 78% used [0x000000076b080000,0x000000076b1ae990,0x000000076b200000)
  to   space 1536K, 0% used [0x000000076af00000,0x000000076af00000,0x000000076b080000)
 ParOldGen       total 260608K, used 1158K [0x00000006c0000000, 0x00000006cfe80000, 0x000000076ab00000)
  object space 260608K, 0% used [0x00000006c0000000,0x00000006c01219f0,0x00000006cfe80000)
 Metaspace       used 8034K, capacity 8188K, committed 8448K, reserved 1056768K
  class space    used 957K, capacity 984K, committed 1024K, reserved 1048576K
Event: 5.461 GC heap after
Heap after GC invocations=7 (full 0):
 PSYoungGen      total 5632K, used 1524K [0x000000076ab00000, 0x000000076b700000, 0x00000007c0000000)
  eden space 4096K, 0% used [0x000000076ab00000,0x000000076ab00000,0x000000076af00000)
  from space 1536K, 99% used [0x000000076af00000,0x000000076b07d148,0x000000076b080000)
  to   space 2048K, 0% used [0x000000076b500000,0x000000076b500000,0x000000076b700000)
 ParOldGen       total 260608K, used 1658K [0x00000006c0000000, 0x00000006cfe80000, 0x000000076ab00000)
  object space 260608K, 0% used [0x00000006c0000000,0x00000006c019ebe0,0x00000006cfe80000)
 Metaspace       used 8034K, capacity 8188K, committed 8448K, reserved 1056768K
  class space    used 957K, capacity 984K, committed 1024K, reserved 1048576K
}

Deoptimization events (0 events):
No events

Internal exceptions (10 events):
Event: 9.026 Thread 0x00007fb063134000 Exception <a 'java/security/PrivilegedActionException'> (0x000000076ac88f08) thrown at [/HUDSON/workspace/8-2-build-macosx-x86_64/jdk8u5/2488/hotspot/src/share/vm/prims/jvm.cpp, line 1248]
Event: 9.027 Thread 0x00007fb063134000 Exception <a 'java/security/PrivilegedActionException'> (0x000000076ac8c4a8) thrown at [/HUDSON/workspace/8-2-build-macosx-x86_64/jdk8u5/2488/hotspot/src/share/vm/prims/jvm.cpp, line 1248]
Event: 9.030 Thread 0x00007fb063134000 Exception <a 'java/lang/ArrayIndexOutOfBoundsException': 139> (0x000000076ac99c88) thrown at [/HUDSON/workspace/8-2-build-macosx-x86_64/jdk8u5/2488/hotspot/src/share/vm/interpreter/interpreterRuntime.cpp, line 337]
Event: 9.030 Thread 0x00007fb063134000 Exception <a 'java/lang/ArrayIndexOutOfBoundsException': 60> (0x000000076ac9ad80) thrown at [/HUDSON/workspace/8-2-build-macosx-x86_64/jdk8u5/2488/hotspot/src/share/vm/interpreter/interpreterRuntime.cpp, line 337]
Event: 9.032 Thread 0x00007fb063134000 Exception <a 'java/security/PrivilegedActionException'> (0x000000076ac9c898) thrown at [/HUDSON/workspace/8-2-build-macosx-x86_64/jdk8u5/2488/hotspot/src/share/vm/prims/jvm.cpp, line 1248]
Event: 9.033 Thread 0x00007fb063134000 Exception <a 'java/security/PrivilegedActionException'> (0x000000076aca0498) thrown at [/HUDSON/workspace/8-2-build-macosx-x86_64/jdk8u5/2488/hotspot/src/share/vm/prims/jvm.cpp, line 1248]
Event: 9.048 Thread 0x00007fb06387e000 Exception <a 'java/lang/ArrayIndexOutOfBoundsException': 2> (0x000000076aca70a8) thrown at [/HUDSON/workspace/8-2-build-macosx-x86_64/jdk8u5/2488/hotspot/src/share/vm/interpreter/interpreterRuntime.cpp, line 337]
Event: 9.048 Thread 0x00007fb06387e000 Exception <a 'java/security/PrivilegedActionException'> (0x000000076aca78b8) thrown at [/HUDSON/workspace/8-2-build-macosx-x86_64/jdk8u5/2488/hotspot/src/share/vm/prims/jvm.cpp, line 1248]
Event: 9.049 Thread 0x00007fb06387e000 Exception <a 'java/security/PrivilegedActionException'> (0x000000076acaa6e8) thrown at [/HUDSON/workspace/8-2-build-macosx-x86_64/jdk8u5/2488/hotspot/src/share/vm/prims/jvm.cpp, line 1248]
Event: 57.040 Thread 0x00007fb062845800 Exception <a 'java/security/PrivilegedActionException'> (0x000000076abcd828) thrown at [/HUDSON/workspace/8-2-build-macosx-x86_64/jdk8u5/2488/hotspot/src/share/vm/prims/jvm.cpp, line 1248]

Events (10 events):
Event: 350.455 Executing VM operation: RevokeBias
Event: 350.455 Executing VM operation: RevokeBias done
Event: 350.455 Executing VM operation: RevokeBias
Event: 350.455 Executing VM operation: RevokeBias done
Event: 350.455 Executing VM operation: RevokeBias
Event: 350.455 Executing VM operation: RevokeBias done
Event: 350.455 Executing VM operation: RevokeBias
Event: 350.455 Executing VM operation: RevokeBias done
Event: 350.455 Executing VM operation: RevokeBias
Event: 350.455 Executing VM operation: RevokeBias done


Dynamic libraries:
0x0000000009f37000 	/System/Library/Frameworks/Cocoa.framework/Versions/A/Cocoa
0x0000000009f37000 	/System/Library/Frameworks/Security.framework/Versions/A/Security
0x0000000009f37000 	/System/Library/Frameworks/ApplicationServices.framework/Versions/A/ApplicationServices
0x0000000009f37000 	/usr/lib/libz.1.dylib
0x0000000009f37000 	/usr/lib/libSystem.B.dylib
0x0000000009f37000 	/usr/lib/libobjc.A.dylib
0x0000000009f37000 	/System/Library/Frameworks/CoreFoundation.framework/Versions/A/CoreFoundation
0x0000000009f37000 	/System/Library/Frameworks/Foundation.framework/Versions/C/Foundation
0x0000000009f37000 	/System/Library/Frameworks/AppKit.framework/Versions/C/AppKit
0x0000000009f37000 	/System/Library/Frameworks/CoreData.framework/Versions/A/CoreData
0x0000000009f37000 	/System/Library/PrivateFrameworks/RemoteViewServices.framework/Versions/A/RemoteViewServices
0x0000000009f37000 	/System/Library/PrivateFrameworks/UIFoundation.framework/Versions/A/UIFoundation
0x0000000009f37000 	/usr/lib/libScreenReader.dylib
0x0000000009f37000 	/System/Library/Frameworks/Accelerate.framework/Versions/A/Accelerate
0x0000000009f37000 	/System/Library/Frameworks/IOSurface.framework/Versions/A/IOSurface
0x0000000009f37000 	/System/Library/Frameworks/AudioToolbox.framework/Versions/A/AudioToolbox
0x0000000009f37000 	/System/Library/Frameworks/AudioUnit.framework/Versions/A/AudioUnit
0x0000000009f37000 	/System/Library/PrivateFrameworks/DataDetectorsCore.framework/Versions/A/DataDetectorsCore
0x0000000009f37000 	/System/Library/PrivateFrameworks/DesktopServicesPriv.framework/Versions/A/DesktopServicesPriv
0x0000000009f37000 	/System/Library/Frameworks/Carbon.framework/Versions/A/Frameworks/HIToolbox.framework/Versions/A/HIToolbox
0x0000000009f37000 	/System/Library/Frameworks/QuartzCore.framework/Versions/A/QuartzCore
0x0000000009f37000 	/System/Library/Frameworks/Carbon.framework/Versions/A/Frameworks/SpeechRecognition.framework/Versions/A/SpeechRecognition
0x0000000009f37000 	/usr/lib/libauto.dylib
0x0000000009f37000 	/usr/lib/libicucore.A.dylib
0x0000000009f37000 	/usr/lib/libxml2.2.dylib
0x0000000009f37000 	/System/Library/PrivateFrameworks/CoreUI.framework/Versions/A/CoreUI
0x0000000009f37000 	/System/Library/Frameworks/CoreAudio.framework/Versions/A/CoreAudio
0x0000000009f37000 	/System/Library/Frameworks/DiskArbitration.framework/Versions/A/DiskArbitration
0x0000000009f37000 	/usr/lib/liblangid.dylib
0x0000000009f37000 	/System/Library/PrivateFrameworks/MultitouchSupport.framework/Versions/A/MultitouchSupport
0x0000000009f37000 	/System/Library/Frameworks/IOKit.framework/Versions/A/IOKit
0x0000000009f37000 	/usr/lib/libDiagnosticMessagesClient.dylib
0x0000000009f37000 	/System/Library/Frameworks/CoreServices.framework/Versions/A/CoreServices
0x0000000009f37000 	/System/Library/PrivateFrameworks/PerformanceAnalysis.framework/Versions/A/PerformanceAnalysis
0x0000000009f37000 	/System/Library/PrivateFrameworks/GenerationalStorage.framework/Versions/A/GenerationalStorage
0x0000000009f37000 	/System/Library/Frameworks/OpenGL.framework/Versions/A/OpenGL
0x0000000009f37000 	/System/Library/PrivateFrameworks/Sharing.framework/Versions/A/Sharing
0x0000000009f37000 	/System/Library/Frameworks/CoreGraphics.framework/Versions/A/CoreGraphics
0x0000000009f37000 	/System/Library/Frameworks/CoreImage.framework/Versions/A/CoreImage
0x0000000009f37000 	/System/Library/Frameworks/CoreText.framework/Versions/A/CoreText
0x0000000009f37000 	/System/Library/Frameworks/ImageIO.framework/Versions/A/ImageIO
0x0000000009f37000 	/System/Library/PrivateFrameworks/Backup.framework/Versions/A/Backup
0x0000000009f37000 	/usr/lib/libextension.dylib
0x0000000009f37000 	/usr/lib/libarchive.2.dylib
0x0000000009f37000 	/System/Library/Frameworks/CFNetwork.framework/Versions/A/CFNetwork
0x0000000009f37000 	/System/Library/Frameworks/SystemConfiguration.framework/Versions/A/SystemConfiguration
0x0000000009f37000 	/usr/lib/libCRFSuite.dylib
0x0000000009f37000 	/usr/lib/libc++.1.dylib
0x0000000009f37000 	/usr/lib/libc++abi.dylib
0x0000000009f37000 	/usr/lib/system/libcache.dylib
0x0000000009f37000 	/usr/lib/system/libcommonCrypto.dylib
0x0000000009f37000 	/usr/lib/system/libcompiler_rt.dylib
0x0000000009f37000 	/usr/lib/system/libcopyfile.dylib
0x0000000009f37000 	/usr/lib/system/libcorecrypto.dylib
0x0000000009f37000 	/usr/lib/system/libdispatch.dylib
0x0000000009f37000 	/usr/lib/system/libdyld.dylib
0x0000000009f37000 	/usr/lib/system/libkeymgr.dylib
0x0000000009f37000 	/usr/lib/system/liblaunch.dylib
0x0000000009f37000 	/usr/lib/system/libmacho.dylib
0x0000000009f37000 	/usr/lib/system/libquarantine.dylib
0x0000000009f37000 	/usr/lib/system/libremovefile.dylib
0x0000000009f37000 	/usr/lib/system/libsystem_asl.dylib
0x0000000009f37000 	/usr/lib/system/libsystem_blocks.dylib
0x0000000009f37000 	/usr/lib/system/libsystem_c.dylib
0x0000000009f37000 	/usr/lib/system/libsystem_configuration.dylib
0x0000000009f37000 	/usr/lib/system/libsystem_coreservices.dylib
0x0000000009f37000 	/usr/lib/system/libsystem_coretls.dylib
0x0000000009f37000 	/usr/lib/system/libsystem_dnssd.dylib
0x0000000009f37000 	/usr/lib/system/libsystem_info.dylib
0x0000000009f37000 	/usr/lib/system/libsystem_kernel.dylib
0x0000000009f37000 	/usr/lib/system/libsystem_m.dylib
0x0000000009f37000 	/usr/lib/system/libsystem_malloc.dylib
0x0000000009f37000 	/usr/lib/system/libsystem_network.dylib
0x0000000009f37000 	/usr/lib/system/libsystem_networkextension.dylib
0x0000000009f37000 	/usr/lib/system/libsystem_notify.dylib
0x0000000009f37000 	/usr/lib/system/libsystem_platform.dylib
0x0000000009f37000 	/usr/lib/system/libsystem_pthread.dylib
0x0000000009f37000 	/usr/lib/system/libsystem_sandbox.dylib
0x0000000009f37000 	/usr/lib/system/libsystem_secinit.dylib
0x0000000009f37000 	/usr/lib/system/libsystem_trace.dylib
0x0000000009f37000 	/usr/lib/system/libunc.dylib
0x0000000009f37000 	/usr/lib/system/libunwind.dylib
0x0000000009f37000 	/usr/lib/system/libxpc.dylib
0x0000000009f37000 	/usr/lib/libenergytrace.dylib
0x0000000009f37000 	/usr/lib/libbsm.0.dylib
0x0000000009f37000 	/usr/lib/system/libkxld.dylib
0x0000000009f37000 	/usr/lib/libxar.1.dylib
0x0000000009f37000 	/usr/lib/libsqlite3.dylib
0x0000000009f37000 	/usr/lib/libpam.2.dylib
0x0000000009f37000 	/usr/lib/libOpenScriptingUtil.dylib
0x0000000009f37000 	/usr/lib/libbz2.1.0.dylib
0x0000000009f37000 	/usr/lib/liblzma.5.dylib
0x0000000009f37000 	/System/Library/Frameworks/CoreServices.framework/Versions/A/Frameworks/FSEvents.framework/Versions/A/FSEvents
0x0000000009f37000 	/System/Library/Frameworks/CoreServices.framework/Versions/A/Frameworks/CarbonCore.framework/Versions/A/CarbonCore
0x0000000009f37000 	/System/Library/Frameworks/CoreServices.framework/Versions/A/Frameworks/Metadata.framework/Versions/A/Metadata
0x0000000009f37000 	/System/Library/Frameworks/CoreServices.framework/Versions/A/Frameworks/OSServices.framework/Versions/A/OSServices
0x0000000009f37000 	/System/Library/Frameworks/CoreServices.framework/Versions/A/Frameworks/SearchKit.framework/Versions/A/SearchKit
0x0000000009f37000 	/System/Library/Frameworks/CoreServices.framework/Versions/A/Frameworks/AE.framework/Versions/A/AE
0x0000000009f37000 	/System/Library/Frameworks/CoreServices.framework/Versions/A/Frameworks/LaunchServices.framework/Versions/A/LaunchServices
0x0000000009f37000 	/System/Library/Frameworks/CoreServices.framework/Versions/A/Frameworks/DictionaryServices.framework/Versions/A/DictionaryServices
0x0000000009f37000 	/System/Library/Frameworks/CoreServices.framework/Versions/A/Frameworks/SharedFileList.framework/Versions/A/SharedFileList
0x0000000009f37000 	/System/Library/Frameworks/NetFS.framework/Versions/A/NetFS
0x0000000009f37000 	/System/Library/PrivateFrameworks/NetAuth.framework/Versions/A/NetAuth
0x0000000009f37000 	/System/Library/PrivateFrameworks/login.framework/Versions/A/Frameworks/loginsupport.framework/Versions/A/loginsupport
0x0000000009f37000 	/System/Library/PrivateFrameworks/TCC.framework/Versions/A/TCC
0x0000000009f37000 	/usr/lib/libmecabra.dylib
0x0000000009f37000 	/System/Library/Frameworks/ApplicationServices.framework/Versions/A/Frameworks/ATS.framework/Versions/A/ATS
0x0000000009f37000 	/System/Library/Frameworks/ApplicationServices.framework/Versions/A/Frameworks/ColorSync.framework/Versions/A/ColorSync
0x0000000009f37000 	/System/Library/Frameworks/ApplicationServices.framework/Versions/A/Frameworks/HIServices.framework/Versions/A/HIServices
0x0000000009f37000 	/System/Library/Frameworks/ApplicationServices.framework/Versions/A/Frameworks/LangAnalysis.framework/Versions/A/LangAnalysis
0x0000000009f37000 	/System/Library/Frameworks/ApplicationServices.framework/Versions/A/Frameworks/PrintCore.framework/Versions/A/PrintCore
0x0000000009f37000 	/System/Library/Frameworks/ApplicationServices.framework/Versions/A/Frameworks/QD.framework/Versions/A/QD
0x0000000009f37000 	/System/Library/Frameworks/ApplicationServices.framework/Versions/A/Frameworks/SpeechSynthesis.framework/Versions/A/SpeechSynthesis
0x0000000009f37000 	/System/Library/Frameworks/Metal.framework/Versions/A/Metal
0x0000000009f37000 	/System/Library/Frameworks/Accelerate.framework/Versions/A/Frameworks/vImage.framework/Versions/A/vImage
0x0000000009f37000 	/System/Library/Frameworks/Accelerate.framework/Versions/A/Frameworks/vecLib.framework/Versions/A/vecLib
0x0000000009f37000 	/System/Library/Frameworks/Accelerate.framework/Versions/A/Frameworks/vecLib.framework/Versions/A/libvDSP.dylib
0x0000000009f37000 	/System/Library/Frameworks/Accelerate.framework/Versions/A/Frameworks/vecLib.framework/Versions/A/libvMisc.dylib
0x0000000009f37000 	/System/Library/Frameworks/Accelerate.framework/Versions/A/Frameworks/vecLib.framework/Versions/A/libLAPACK.dylib
0x0000000009f37000 	/System/Library/Frameworks/Accelerate.framework/Versions/A/Frameworks/vecLib.framework/Versions/A/libBLAS.dylib
0x0000000009f37000 	/System/Library/Frameworks/Accelerate.framework/Versions/A/Frameworks/vecLib.framework/Versions/A/libLinearAlgebra.dylib
0x0000000009f37000 	/System/Library/Frameworks/Accelerate.framework/Versions/A/Frameworks/vecLib.framework/Versions/A/libSparseBLAS.dylib
0x0000000009f37000 	/System/Library/PrivateFrameworks/GPUCompiler.framework/libmetal_timestamp.dylib
0x0000000009f37000 	/System/Library/Frameworks/OpenGL.framework/Versions/A/Libraries/libCoreFSCache.dylib
0x0000000009f37000 	/System/Library/PrivateFrameworks/IOAccelerator.framework/Versions/A/IOAccelerator
0x0000000009f37000 	/System/Library/Frameworks/ApplicationServices.framework/Versions/A/Frameworks/ATS.framework/Versions/A/Resources/libFontParser.dylib
0x0000000009f37000 	/System/Library/Frameworks/ApplicationServices.framework/Versions/A/Frameworks/ATS.framework/Versions/A/Resources/libFontRegistry.dylib
0x0000000009f37000 	/System/Library/PrivateFrameworks/AppleVPA.framework/Versions/A/AppleVPA
0x0000000009f37000 	/System/Library/PrivateFrameworks/AppleJPEG.framework/Versions/A/AppleJPEG
0x0000000009f37000 	/System/Library/Frameworks/ImageIO.framework/Versions/A/Resources/libJPEG.dylib
0x0000000009f37000 	/System/Library/Frameworks/ImageIO.framework/Versions/A/Resources/libTIFF.dylib
0x0000000009f37000 	/System/Library/Frameworks/ImageIO.framework/Versions/A/Resources/libPng.dylib
0x0000000009f37000 	/System/Library/Frameworks/ImageIO.framework/Versions/A/Resources/libGIF.dylib
0x0000000009f37000 	/System/Library/Frameworks/ImageIO.framework/Versions/A/Resources/libJP2.dylib
0x0000000009f37000 	/System/Library/Frameworks/ImageIO.framework/Versions/A/Resources/libRadiance.dylib
0x0000000009f37000 	/System/Library/Frameworks/CoreVideo.framework/Versions/A/CoreVideo
0x0000000009f37000 	/System/Library/Frameworks/OpenGL.framework/Versions/A/Libraries/libGLU.dylib
0x0000000009f37000 	/System/Library/Frameworks/OpenGL.framework/Versions/A/Libraries/libGFXShared.dylib
0x0000000009f37000 	/System/Library/Frameworks/OpenGL.framework/Versions/A/Libraries/libGL.dylib
0x0000000009f37000 	/System/Library/Frameworks/OpenGL.framework/Versions/A/Libraries/libGLImage.dylib
0x0000000009f37000 	/System/Library/Frameworks/OpenGL.framework/Versions/A/Libraries/libCVMSPluginSupport.dylib
0x0000000009f37000 	/System/Library/Frameworks/OpenGL.framework/Versions/A/Libraries/libCoreVMClient.dylib
0x0000000009f37000 	/usr/lib/libcompression.dylib
0x0000000009f37000 	/usr/lib/libcups.2.dylib
0x0000000009f37000 	/System/Library/Frameworks/Kerberos.framework/Versions/A/Kerberos
0x0000000009f37000 	/System/Library/Frameworks/GSS.framework/Versions/A/GSS
0x0000000009f37000 	/usr/lib/libresolv.9.dylib
0x0000000009f37000 	/usr/lib/libiconv.2.dylib
0x0000000009f37000 	/System/Library/PrivateFrameworks/Heimdal.framework/Versions/A/Heimdal
0x0000000009f37000 	/usr/lib/libheimdal-asn1.dylib
0x0000000009f37000 	/System/Library/Frameworks/OpenDirectory.framework/Versions/A/OpenDirectory
0x0000000009f37000 	/System/Library/PrivateFrameworks/CommonAuth.framework/Versions/A/CommonAuth
0x0000000009f37000 	/System/Library/Frameworks/OpenDirectory.framework/Versions/A/Frameworks/CFOpenDirectory.framework/Versions/A/CFOpenDirectory
0x0000000009f37000 	/System/Library/Frameworks/SecurityFoundation.framework/Versions/A/SecurityFoundation
0x0000000009f37000 	/System/Library/PrivateFrameworks/LanguageModeling.framework/Versions/A/LanguageModeling
0x0000000009f37000 	/usr/lib/libmarisa.dylib
0x0000000009f37000 	/usr/lib/libChineseTokenizer.dylib
0x0000000009f37000 	/usr/lib/libcmph.dylib
0x0000000009f37000 	/System/Library/Frameworks/ServiceManagement.framework/Versions/A/ServiceManagement
0x0000000009f37000 	/usr/lib/libxslt.1.dylib
0x0000000009f37000 	/System/Library/Frameworks/Carbon.framework/Versions/A/Frameworks/Ink.framework/Versions/A/Ink
0x0000000009f37000 	/usr/lib/libFosl_dynamic.dylib
0x0000000009f37000 	/System/Library/PrivateFrameworks/FaceCore.framework/Versions/A/FaceCore
0x0000000009f37000 	/System/Library/Frameworks/OpenCL.framework/Versions/A/OpenCL
0x0000000009f37000 	/System/Library/PrivateFrameworks/CrashReporterSupport.framework/Versions/A/CrashReporterSupport
0x0000000009f37000 	/System/Library/PrivateFrameworks/IconServices.framework/Versions/A/IconServices
0x0000000009f37000 	/System/Library/PrivateFrameworks/Apple80211.framework/Versions/A/Apple80211
0x0000000009f37000 	/System/Library/Frameworks/CoreWLAN.framework/Versions/A/CoreWLAN
0x0000000009f37000 	/System/Library/Frameworks/IOBluetooth.framework/Versions/A/IOBluetooth
0x0000000009f37000 	/System/Library/PrivateFrameworks/CoreWiFi.framework/Versions/A/CoreWiFi
0x0000000009f37000 	/System/Library/Frameworks/CoreBluetooth.framework/Versions/A/CoreBluetooth
0x0000000009f37000 	/System/Library/PrivateFrameworks/ChunkingLibrary.framework/Versions/A/ChunkingLibrary
0x0000000009f37000 	/System/Library/PrivateFrameworks/DebugSymbols.framework/Versions/A/DebugSymbols
0x0000000009f37000 	/System/Library/PrivateFrameworks/CoreSymbolication.framework/Versions/A/CoreSymbolication
0x0000000009f37000 	/System/Library/PrivateFrameworks/Symbolication.framework/Versions/A/Symbolication
0x0000000009f37000 	/System/Library/PrivateFrameworks/SpeechRecognitionCore.framework/Versions/A/SpeechRecognitionCore
0x0000000105c00000 	/Library/Java/JavaVirtualMachines/jdk1.8.0_05.jdk/Contents/Home/jre/lib/server/libjvm.dylib
0x0000000009f37000 	/usr/lib/libstdc++.6.dylib
0x0000000105281000 	/Library/Java/JavaVirtualMachines/jdk1.8.0_05.jdk/Contents/Home/jre/lib/libverify.dylib
0x000000010528f000 	/Library/Java/JavaVirtualMachines/jdk1.8.0_05.jdk/Contents/Home/jre/lib/libjava.dylib
0x00000001052cd000 	/Library/Java/JavaVirtualMachines/jdk1.8.0_05.jdk/Contents/Home/jre/lib/libzip.dylib
0x0000000120da9000 	/System/Library/Frameworks/JavaVM.framework/Frameworks/JavaRuntimeSupport.framework/JavaRuntimeSupport
0x0000000120dc4000 	/System/Library/Frameworks/JavaVM.framework/Versions/A/Frameworks/JavaNativeFoundation.framework/Versions/A/JavaNativeFoundation
0x0000000120dd9000 	/System/Library/Frameworks/JavaVM.framework/Versions/A/JavaVM
0x0000000009f37000 	/System/Library/Frameworks/Carbon.framework/Versions/A/Carbon
0x0000000120de6000 	/System/Library/PrivateFrameworks/JavaLaunching.framework/Versions/A/JavaLaunching
0x0000000009f37000 	/System/Library/Frameworks/Carbon.framework/Versions/A/Frameworks/CommonPanels.framework/Versions/A/CommonPanels
0x0000000009f37000 	/System/Library/Frameworks/Carbon.framework/Versions/A/Frameworks/Help.framework/Versions/A/Help
0x0000000009f37000 	/System/Library/Frameworks/Carbon.framework/Versions/A/Frameworks/ImageCapture.framework/Versions/A/ImageCapture
0x0000000009f37000 	/System/Library/Frameworks/Carbon.framework/Versions/A/Frameworks/OpenScripting.framework/Versions/A/OpenScripting
0x0000000009f37000 	/System/Library/Frameworks/Carbon.framework/Versions/A/Frameworks/Print.framework/Versions/A/Print
0x0000000009f37000 	/System/Library/Frameworks/Carbon.framework/Versions/A/Frameworks/SecurityHI.framework/Versions/A/SecurityHI
0x0000000122730000 	/Library/Java/JavaVirtualMachines/jdk1.8.0_05.jdk/Contents/Home/jre/lib/libmanagement.dylib
0x0000000122741000 	/Library/Java/JavaVirtualMachines/jdk1.8.0_05.jdk/Contents/Home/jre/lib/libnet.dylib
0x000000012279f000 	/Library/Java/JavaVirtualMachines/jdk1.8.0_05.jdk/Contents/Home/jre/lib/libnio.dylib

VM Arguments:
java_command: dots-1.0.jar
java_class_path (initial): dots-1.0.jar
Launcher Type: SUN_STANDARD

Environment Variables:
PATH=/Users/ianmukherjee/.rvm/gems/ruby-2.2.1/bin:/Users/ianmukherjee/.rvm/gems/ruby-2.2.1@global/bin:/Users/ianmukherjee/.rvm/rubies/ruby-2.2.1/bin:/usr/local/opt/pypy/bin:/usr/local/opt/ruby/bin:/opt/local/bin:/opt/local/sbin:/usr/local/mysql/bin:/usr/local/bin:/Library/Frameworks/GDAL.framework/Programs:/Library/Frameworks/Python.framework/Versions/3.4/bin:/usr/local/bin:/usr/bin:/bin:/usr/sbin:/sbin:/opt/X11/bin:/usr/texbin:/Users/ianmukherjee/.rvm/bin:/Users/ianmukherjee/PredictionIO/bin
SHELL=/bin/bash
DISPLAY=/private/tmp/com.apple.launchd.Pwewz8h9NP/org.macosforge.xquartz:0

Signal Handlers:
SIGSEGV: [libjvm.dylib+0x55f7df], sa_mask[0]=0xfffefeff, sa_flags=0x00000043
SIGBUS: [libjvm.dylib+0x55f7df], sa_mask[0]=0xfffefeff, sa_flags=0x00000042
SIGFPE: [libjvm.dylib+0x442cfa], sa_mask[0]=0xfffefeff, sa_flags=0x00000042
SIGPIPE: [libjvm.dylib+0x442cfa], sa_mask[0]=0xfffefeff, sa_flags=0x00000042
SIGXFSZ: [libjvm.dylib+0x442cfa], sa_mask[0]=0xfffefeff, sa_flags=0x00000042
SIGILL: [libjvm.dylib+0x442cfa], sa_mask[0]=0xfffefeff, sa_flags=0x00000042
SIGUSR1: SIG_DFL, sa_mask[0]=0x63807efb, sa_flags=0x00000000
SIGUSR2: [libjvm.dylib+0x442818], sa_mask[0]=0x00000000, sa_flags=0x00000042
SIGHUP: [libjvm.dylib+0x440ba5], sa_mask[0]=0xfffefeff, sa_flags=0x00000042
SIGINT: [libjvm.dylib+0x440ba5], sa_mask[0]=0xfffefeff, sa_flags=0x00000042
SIGTERM: [libjvm.dylib+0x440ba5], sa_mask[0]=0xfffefeff, sa_flags=0x00000042
SIGQUIT: [libjvm.dylib+0x440ba5], sa_mask[0]=0xfffefeff, sa_flags=0x00000042


---------------  S Y S T E M  ---------------

OS:Bsduname:Darwin 15.5.0 Darwin Kernel Version 15.5.0: Tue Apr 19 18:36:36 PDT 2016; root:xnu-3248.50.21~8/RELEASE_X86_64 x86_64
rlimit: STACK 8192k, CORE 0k, NPROC 709, NOFILE 10240, AS infinity
load average:2.12 1.63 1.57

CPU:total 4 (2 cores per cpu, 2 threads per core) family 6 model 69 stepping 1, cmov, cx8, fxsr, mmx, sse, sse2, sse3, ssse3, sse4.1, sse4.2, popcnt, avx, avx2, aes, clmul, erms, ht, tsc, tscinvbit

Memory: 4k page, physical 16777216k(3700984k free)

/proc/meminfo:


vm_info: Java HotSpot(TM) 64-Bit Server VM (25.5-b02) for bsd-amd64 JRE (1.8.0_05-b13), built on Mar 18 2014 00:36:13 by "java_re" with gcc 4.2.1 (Based on Apple Inc. build 5658) (LLVM build 2336.11.00)

time: Wed Sep 21 18:15:47 2016
elapsed time: 350 seconds

